# JRE version: Java(TM) SE Runtime Environment (8.0_201-b09) (build 1.8.0_201-b09)
# Java VM: Java HotSpot(TM) 64-Bit Server VM (25.201-b09 mixed mode linux-amd64 compressed oops)
Heap:
 PSYoungGen      total 68608K, used 5097K [0x00000000d7180000, 0x00000000db980000, 0x0000000100000000)
  eden space 63488K, 0% used [0x00000000d7180000,0x00000000d7180000,0x00000000daf80000)
  from space 5120K, 99% used [0x00000000daf80000,0x00000000db47a4c0,0x00000000db480000)
  to   space 5120K, 0% used [0x00000000db480000,0x00000000db480000,0x00000000db980000)
 ParOldGen       total 84992K, used 3587K [0x0000000085400000, 0x000000008a700000, 0x00000000d7180000)
  object space 84992K, 4% used [0x0000000085400000,0x0000000085780e88,0x000000008a700000)
 Metaspace       used 16384K, capacity 16948K, committed 17280K, reserved 1064960K
  class space    used 2196K, capacity 2335K, committed 2432K, reserved 1048576K
GC Heap History (5 events):
Event: 1,120 GC heap before
{Heap before GC invocations=1 (full 0):
 PSYoungGen      total 36864K, used 31741K [0x00000000d7180000, 0x00000000d9a80000, 0x0000000100000000)
  eden space 31744K, 99% used [0x00000000d7180000,0x00000000d907f7f0,0x00000000d9080000)
  from space 5120K, 0% used [0x00000000d9580000,0x00000000d9580000,0x00000000d9a80000)
  to   space 5120K, 0% used [0x00000000d9080000,0x00000000d9080000,0x00000000d9580000)
 ParOldGen       total 84992K, used 0K [0x0000000085400000, 0x000000008a700000, 0x00000000d7180000)
  object space 84992K, 0% used [0x0000000085400000,0x0000000085400000,0x000000008a700000)
 Metaspace       used 9717K, capacity 9968K, committed 9984K, reserved 1058816K
  class space    used 1169K, capacity 1264K, committed 1280K, reserved 1048576K
Event: 1,141 GC heap after
Heap after GC invocations=1 (full 0):
 PSYoungGen      total 36864K, used 3874K [0x00000000d7180000, 0x00000000db980000, 0x0000000100000000)
  eden space 31744K, 0% used [0x00000000d7180000,0x00000000d7180000,0x00000000d9080000)
  from space 5120K, 75% used [0x00000000d9080000,0x00000000d9448ab8,0x00000000d9580000)
  to   space 5120K, 0% used [0x00000000db480000,0x00000000db480000,0x00000000db980000)
 ParOldGen       total 84992K, used 16K [0x0000000085400000, 0x000000008a700000, 0x00000000d7180000)
  object space 84992K, 0% used [0x0000000085400000,0x0000000085404000,0x000000008a700000)
 Metaspace       used 9717K, capacity 9968K, committed 9984K, reserved 1058816K
  class space    used 1169K, capacity 1264K, committed 1280K, reserved 1048576K
}
Event: 1,270 GC heap before
{Heap before GC invocations=2 (full 0):
 PSYoungGen      total 36864K, used 35618K [0x00000000d7180000, 0x00000000db980000, 0x0000000100000000)
  eden space 31744K, 100% used [0x00000000d7180000,0x00000000d9080000,0x00000000d9080000)
  from space 5120K, 75% used [0x00000000d9080000,0x00000000d9448ab8,0x00000000d9580000)
  to   space 5120K, 0% used [0x00000000db480000,0x00000000db480000,0x00000000db980000)
 ParOldGen       total 84992K, used 16K [0x0000000085400000, 0x000000008a700000, 0x00000000d7180000)
  object space 84992K, 0% used [0x0000000085400000,0x0000000085404000,0x000000008a700000)
 Metaspace       used 10157K, capacity 10408K, committed 10624K, reserved 1058816K
  class space    used 1239K, capacity 1317K, committed 1408K, reserved 1048576K
Event: 1,277 GC heap after
Heap after GC invocations=2 (full 0):
 PSYoungGen      total 68608K, used 3739K [0x00000000d7180000, 0x00000000db980000, 0x0000000100000000)
  eden space 63488K, 0% used [0x00000000d7180000,0x00000000d7180000,0x00000000daf80000)
  from space 5120K, 73% used [0x00000000db480000,0x00000000db826d78,0x00000000db980000)
  to   space 5120K, 0% used [0x00000000daf80000,0x00000000daf80000,0x00000000db480000)
 ParOldGen       total 84992K, used 24K [0x0000000085400000, 0x000000008a700000, 0x00000000d7180000)
  object space 84992K, 0% used [0x0000000085400000,0x0000000085406000,0x000000008a700000)
 Metaspace       used 10157K, capacity 10408K, committed 10624K, reserved 1058816K
  class space    used 1239K, capacity 1317K, committed 1408K, reserved 1048576K
}
Event: 2,413 GC heap before
{Heap before GC invocations=3 (full 0):
 PSYoungGen      total 68608K, used 67227K [0x00000000d7180000, 0x00000000db980000, 0x0000000100000000)
  eden space 63488K, 100% used [0x00000000d7180000,0x00000000daf80000,0x00000000daf80000)
  from space 5120K, 73% used [0x00000000db480000,0x00000000db826d78,0x00000000db980000)
  to   space 5120K, 0% used [0x00000000daf80000,0x00000000daf80000,0x00000000db480000)
 ParOldGen       total 84992K, used 24K [0x0000000085400000, 0x000000008a700000, 0x00000000d7180000)
  object space 84992K, 0% used [0x0000000085400000,0x0000000085406000,0x000000008a700000)
 Metaspace       used 16384K, capacity 16948K, committed 17280K, reserved 1064960K
  class space    used 2196K, capacity 2335K, committed 2432K, reserved 1048576K

